2026-07-01 00:23:14,867 - detection.yolo_detector - INFO - Default model loaded: yolov8n.pt
2026-07-01 00:23:14,870 - detection.yolo_detector - INFO - Model device: cpu
2026-07-01 00:23:14,870 - inference.inference_pipeline - INFO - Inference pipeline initialized
2026-07-01 00:23:14,870 - AIEngine - INFO - AI Engine initialized successfully
2026-07-01 00:24:12,333 - detection.yolo_detector - INFO - Default model loaded: yolov8n.pt
2026-07-01 00:24:12,335 - detection.yolo_detector - INFO - Model device: cpu
2026-07-01 00:24:12,336 - inference.inference_pipeline - INFO - Inference pipeline initialized
2026-07-01 00:24:12,336 - AIEngine - INFO - AI Engine initialized successfully
2026-07-01 00:26:20,060 - detection.yolo_detector - INFO - Default model loaded: yolov8n.pt
2026-07-01 00:26:20,064 - detection.yolo_detector - INFO - Model device: cpu
2026-07-01 00:26:20,065 - inference.inference_pipeline - INFO - Inference pipeline initialized
2026-07-01 00:26:20,065 - AIEngine - INFO - AI Engine initialized successfully
2026-07-01 00:29:25,288 - detection.yolo_detector - INFO - Default model loaded: yolov8n.pt
2026-07-01 00:29:25,291 - detection.yolo_detector - INFO - Model device: cpu
2026-07-01 00:29:25,291 - inference.inference_pipeline - INFO - Inference pipeline initialized
2026-07-01 00:29:25,291 - AIEngine - INFO - AI Engine initialized successfully
2026-07-01 00:30:00,705 - watchfiles.main - INFO - 1 change detected
2026-07-01 00:30:35,923 - detection.yolo_detector - INFO - Default model loaded: yolov8n.pt
2026-07-01 00:30:35,925 - detection.yolo_detector - INFO - Model device: cpu
2026-07-01 00:30:35,925 - inference.inference_pipeline - INFO - Inference pipeline initialized
2026-07-01 00:30:35,925 - AIEngine - INFO - AI Engine initialized successfully
2026-07-01 00:31:21,535 - watchfiles.main - INFO - 1 change detected
2026-07-01 00:34:56,486 - detection.yolo_detector - INFO - Default model loaded: yolov8n.pt
2026-07-01 00:34:56,488 - detection.yolo_detector - INFO - Model device: cpu
2026-07-01 00:34:56,488 - inference.inference_pipeline - INFO - Inference pipeline initialized
2026-07-01 00:34:56,488 - AIEngine - INFO - AI Engine initialized successfully
2026-07-01 00:35:01,504 - detection.yolo_detector - INFO - Default model loaded: yolov8n.pt
2026-07-01 00:35:01,506 - detection.yolo_detector - INFO - Model device: cpu
2026-07-01 00:35:01,507 - inference.inference_pipeline - INFO - Inference pipeline initialized
2026-07-01 00:35:01,507 - AIEngine - INFO - AI Engine initialized successfully
2026-07-01 00:35:12,167 - api_logger - INFO - Request: GET /
2026-07-01 00:35:12,176 - api_logger - INFO - Response: 404 - Took: 0.0084s
2026-07-01 00:35:12,247 - api_logger - INFO - Request: GET /favicon.ico
2026-07-01 00:35:12,250 - api_logger - INFO - Response: 404 - Took: 0.0027s
2026-07-01 00:36:53,711 - api_logger - INFO - Request: GET /docs
2026-07-01 00:36:53,716 - api_logger - INFO - Response: 200 - Took: 0.0051s
2026-07-01 00:36:54,188 - api_logger - INFO - Request: GET /openapi.json
2026-07-01 00:36:54,235 - api_logger - INFO - Response: 200 - Took: 0.0470s
2026-07-01 00:37:00,389 - api_logger - INFO - Request: GET /
2026-07-01 00:37:00,390 - api_logger - INFO - Response: 404 - Took: 0.0010s
2026-07-01 00:37:35,766 - api_logger - INFO - Request: GET /dashboard
2026-07-01 00:37:35,775 - api_logger - INFO - Response: 200 - Took: 0.0091s
2026-07-01 00:40:23,324 - api_logger - INFO - Request: POST /upload
2026-07-01 00:40:23,957 - watchfiles.main - INFO - 1 change detected
2026-07-01 00:40:24,166 - api_logger - INFO - Response: 200 - Took: 0.8428s
2026-07-01 00:40:24,168 - app.services.ai_engine - INFO - Sending video 1 at C:\tata_innovent\backend\uploads\246c2d451f0a481e902baa03dae25a9d.mp4 to AI Engine
2026-07-01 00:40:24,168 - AIEngine - INFO - Starting video analysis: C:\tata_innovent\backend\uploads\246c2d451f0a481e902baa03dae25a9d.mp4
2026-07-01 00:40:24,169 - inference.inference_pipeline - INFO - Starting video processing: C:\tata_innovent\backend\uploads\246c2d451f0a481e902baa03dae25a9d.mp4
2026-07-01 00:40:24,309 - preprocessing.video_processor - INFO - Video loaded successfully: C:\tata_innovent\backend\uploads\246c2d451f0a481e902baa03dae25a9d.mp4
2026-07-01 00:40:24,311 - preprocessing.video_processor - INFO - Frames: 547, FPS: 59.94005994005994, Resolution: 1920x1080
2026-07-01 00:40:24,312 - inference.inference_pipeline - INFO - Video properties: {'total_frames': 547, 'fps': 59.94005994005994, 'width': 1920, 'height': 1080, 'codec': 875967080}
2026-07-01 00:40:24,312 - inference.inference_pipeline - INFO - Extracting frames...
2026-07-01 00:40:24,395 - preprocessing.video_processor - INFO - Video reset to beginning
2026-07-01 00:40:29,078 - preprocessing.frame_extractor - INFO - Extracted 55 frames
2026-07-01 00:40:29,078 - inference.inference_pipeline - INFO - Running detection on all frames...
2026-07-01 00:40:31,416 - detection.yolo_detector - INFO - Processed 10/55 frames
2026-07-01 00:40:32,258 - detection.yolo_detector - INFO - Processed 20/55 frames
2026-07-01 00:40:33,129 - detection.yolo_detector - INFO - Processed 30/55 frames
2026-07-01 00:40:33,971 - detection.yolo_detector - INFO - Processed 40/55 frames
2026-07-01 00:40:34,778 - detection.yolo_detector - INFO - Processed 50/55 frames
2026-07-01 00:40:35,205 - detection.yolo_detector - INFO - Batch processing complete: 55 frames
2026-07-01 00:40:35,206 - inference.inference_pipeline - INFO - Processing detection results...
2026-07-01 00:40:35,208 - inference.inference_pipeline - INFO - Processed 10/55 frames
2026-07-01 00:40:35,208 - inference.inference_pipeline - INFO - Processed 20/55 frames
2026-07-01 00:40:35,209 - inference.inference_pipeline - INFO - Processed 30/55 frames
2026-07-01 00:40:35,209 - inference.inference_pipeline - INFO - Processed 40/55 frames
2026-07-01 00:40:35,210 - inference.inference_pipeline - INFO - Processed 50/55 frames
2026-07-01 00:40:35,210 - inference.inference_pipeline - INFO - Generating mission summary...
2026-07-01 00:40:35,224 - preprocessing.video_processor - INFO - Video capture closed
2026-07-01 00:40:35,225 - inference.inference_pipeline - INFO - Video processing complete
2026-07-01 00:40:35,226 - preprocessing.video_processor - INFO - Video capture closed
2026-07-01 00:40:35,255 - AIEngine - INFO - Video analysis completed successfully
2026-07-01 00:40:59,373 - api_logger - INFO - Request: GET /api/dashboard
2026-07-01 00:40:59,375 - api_logger - INFO - Response: 404 - Took: 0.0020s
2026-07-01 00:40:59,382 - api_logger - INFO - Request: GET /api/dashboard
2026-07-01 00:40:59,383 - api_logger - INFO - Response: 404 - Took: 0.0010s
2026-07-01 00:45:01,200 - detection.yolo_detector - INFO - Default model loaded: yolov8n.pt
2026-07-01 00:45:01,202 - detection.yolo_detector - INFO - Model device: cpu
2026-07-01 00:45:01,202 - inference.inference_pipeline - INFO - Inference pipeline initialized
2026-07-01 00:45:01,202 - AIEngine - INFO - AI Engine initialized successfully
2026-07-01 00:45:05,838 - detection.yolo_detector - INFO - Default model loaded: yolov8n.pt
2026-07-01 00:45:05,840 - detection.yolo_detector - INFO - Model device: cpu
2026-07-01 00:45:05,841 - inference.inference_pipeline - INFO - Inference pipeline initialized
2026-07-01 00:45:05,841 - AIEngine - INFO - AI Engine initialized successfully
2026-07-01 00:45:11,600 - api_logger - INFO - Request: GET /dashboard
2026-07-01 00:45:11,621 - api_logger - INFO - Response: 200 - Took: 0.0201s
2026-07-01 00:45:11,624 - api_logger - INFO - Request: GET /dashboard
2026-07-01 00:45:11,629 - api_logger - INFO - Response: 200 - Took: 0.0050s
2026-07-01 00:45:28,330 - api_logger - INFO - Request: GET /dashboard
2026-07-01 00:45:28,334 - api_logger - INFO - Response: 200 - Took: 0.0040s
2026-07-01 00:45:28,340 - api_logger - INFO - Request: GET /dashboard
2026-07-01 00:45:28,343 - api_logger - INFO - Response: 200 - Took: 0.0031s
2026-07-01 00:45:28,645 - api_logger - INFO - Request: GET /dashboard
2026-07-01 00:45:28,648 - api_logger - INFO - Response: 200 - Took: 0.0031s
2026-07-01 00:45:28,651 - api_logger - INFO - Request: GET /dashboard
2026-07-01 00:45:28,658 - api_logger - INFO - Response: 200 - Took: 0.0063s
2026-07-01 00:55:01,290 - watchfiles.main - INFO - 1 change detected
2026-07-01 00:55:08,998 - watchfiles.main - INFO - 1 change detected
2026-07-01 00:55:09,658 - watchfiles.main - INFO - 5 changes detected
2026-07-01 00:55:27,257 - detection.yolo_detector - INFO - Default model loaded: yolov8n.pt
2026-07-01 00:55:27,264 - detection.yolo_detector - INFO - Model device: cpu
2026-07-01 00:55:27,265 - inference.inference_pipeline - INFO - Inference pipeline initialized
2026-07-01 00:55:27,266 - AIEngine - INFO - AI Engine initialized successfully
2026-07-01 00:58:19,976 - api_logger - INFO - Request: POST /api/v1/upload
2026-07-01 00:58:20,347 - api_logger - INFO - Response: 404 - Took: 0.4109s
2026-07-01 00:58:54,867 - api_logger - INFO - Request: GET /dashboard
2026-07-01 00:58:54,985 - api_logger - INFO - Response: 200 - Took: 0.1186s
2026-07-01 00:58:54,996 - api_logger - INFO - Request: GET /dashboard
2026-07-01 00:58:55,012 - api_logger - INFO - Response: 200 - Took: 0.0156s
2026-07-01 00:58:55,219 - api_logger - INFO - Request: GET /dashboard
2026-07-01 00:58:55,236 - api_logger - INFO - Response: 200 - Took: 0.0170s
2026-07-01 00:58:55,246 - api_logger - INFO - Request: GET /dashboard
2026-07-01 00:58:55,254 - api_logger - INFO - Response: 200 - Took: 0.0080s
2026-07-01 00:59:22,743 - api_logger - INFO - Request: POST /upload
2026-07-01 00:59:24,030 - watchfiles.main - INFO - 1 change detected
2026-07-01 00:59:24,489 - api_logger - INFO - Response: 200 - Took: 1.7445s
2026-07-01 00:59:24,495 - app.services.ai_engine - INFO - Sending video 2 at C:\tata_innovent\backend\uploads\95a6ef970a604565ba50a28f3cf5cef6.mp4 to AI Engine
2026-07-01 00:59:24,500 - AIEngine - INFO - Starting video analysis: C:\tata_innovent\backend\uploads\95a6ef970a604565ba50a28f3cf5cef6.mp4
2026-07-01 00:59:24,513 - inference.inference_pipeline - INFO - Starting video processing: C:\tata_innovent\backend\uploads\95a6ef970a604565ba50a28f3cf5cef6.mp4
2026-07-01 00:59:24,862 - preprocessing.video_processor - INFO - Video loaded successfully: C:\tata_innovent\backend\uploads\95a6ef970a604565ba50a28f3cf5cef6.mp4
2026-07-01 00:59:24,867 - preprocessing.video_processor - INFO - Frames: 547, FPS: 59.94005994005994, Resolution: 1920x1080
2026-07-01 00:59:24,870 - inference.inference_pipeline - INFO - Video properties: {'total_frames': 547, 'fps': 59.94005994005994, 'width': 1920, 'height': 1080, 'codec': 875967080}
2026-07-01 00:59:24,882 - inference.inference_pipeline - INFO - Extracting frames...
2026-07-01 00:59:25,151 - preprocessing.video_processor - INFO - Video reset to beginning
2026-07-01 00:59:26,371 - watchfiles.main - INFO - 1 change detected
2026-07-01 00:59:26,524 - api_logger - INFO - Request: GET /history
2026-07-01 00:59:27,520 - api_logger - INFO - Response: 200 - Took: 0.9964s
2026-07-01 00:59:28,533 - api_logger - INFO - Request: GET /history
2026-07-01 00:59:28,801 - api_logger - INFO - Response: 200 - Took: 0.2682s
2026-07-01 00:59:30,533 - api_logger - INFO - Request: GET /history
2026-07-01 00:59:30,791 - api_logger - INFO - Response: 200 - Took: 0.2569s
2026-07-01 00:59:32,536 - api_logger - INFO - Request: GET /history
2026-07-01 00:59:32,809 - api_logger - INFO - Response: 200 - Took: 0.2730s
2026-07-01 00:59:34,529 - api_logger - INFO - Request: GET /history
2026-07-01 00:59:34,783 - api_logger - INFO - Response: 200 - Took: 0.2540s
2026-07-01 00:59:36,526 - api_logger - INFO - Request: GET /history
2026-07-01 00:59:36,795 - api_logger - INFO - Response: 200 - Took: 0.2701s
2026-07-01 00:59:37,439 - preprocessing.frame_extractor - INFO - Extracted 55 frames
2026-07-01 00:59:37,441 - inference.inference_pipeline - INFO - Running detection on all frames...
2026-07-01 00:59:38,545 - api_logger - INFO - Request: GET /history
2026-07-01 00:59:39,117 - api_logger - INFO - Response: 200 - Took: 0.5735s
2026-07-01 00:59:40,530 - api_logger - INFO - Request: GET /history
2026-07-01 00:59:40,789 - api_logger - INFO - Response: 200 - Took: 0.2588s
2026-07-01 00:59:42,529 - api_logger - INFO - Request: GET /history
2026-07-01 00:59:42,791 - api_logger - INFO - Response: 200 - Took: 0.2617s
2026-07-01 00:59:44,524 - api_logger - INFO - Request: GET /history
2026-07-01 00:59:44,794 - api_logger - INFO - Response: 200 - Took: 0.2697s
2026-07-01 00:59:46,337 - detection.yolo_detector - INFO - Processed 10/55 frames
2026-07-01 00:59:46,532 - api_logger - INFO - Request: GET /history
2026-07-01 00:59:46,788 - api_logger - INFO - Response: 200 - Took: 0.2573s
2026-07-01 00:59:48,531 - api_logger - INFO - Request: GET /history
2026-07-01 00:59:48,792 - api_logger - INFO - Response: 200 - Took: 0.2625s
2026-07-01 00:59:50,530 - api_logger - INFO - Request: GET /history
2026-07-01 00:59:50,811 - api_logger - INFO - Response: 200 - Took: 0.2812s
2026-07-01 00:59:52,528 - api_logger - INFO - Request: GET /history
2026-07-01 00:59:52,787 - api_logger - INFO - Response: 200 - Took: 0.2594s
2026-07-01 00:59:53,262 - detection.yolo_detector - INFO - Processed 20/55 frames
2026-07-01 00:59:54,525 - api_logger - INFO - Request: GET /history
2026-07-01 00:59:54,789 - api_logger - INFO - Response: 200 - Took: 0.2639s
2026-07-01 00:59:56,526 - api_logger - INFO - Request: GET /history
2026-07-01 00:59:56,793 - api_logger - INFO - Response: 200 - Took: 0.2664s
2026-07-01 00:59:58,525 - api_logger - INFO - Request: GET /history
2026-07-01 00:59:58,784 - api_logger - INFO - Response: 200 - Took: 0.2591s
2026-07-01 01:00:00,008 - detection.yolo_detector - INFO - Processed 30/55 frames
2026-07-01 01:00:00,527 - api_logger - INFO - Request: GET /history
2026-07-01 01:00:00,807 - api_logger - INFO - Response: 200 - Took: 0.2807s
2026-07-01 01:00:02,526 - api_logger - INFO - Request: GET /history
2026-07-01 01:00:02,806 - api_logger - INFO - Response: 200 - Took: 0.2799s
2026-07-01 01:00:04,527 - api_logger - INFO - Request: GET /history
2026-07-01 01:00:04,791 - api_logger - INFO - Response: 200 - Took: 0.2641s
2026-07-01 01:00:06,522 - api_logger - INFO - Request: GET /history
2026-07-01 01:00:06,786 - api_logger - INFO - Response: 200 - Took: 0.2640s
2026-07-01 01:00:06,969 - detection.yolo_detector - INFO - Processed 40/55 frames
2026-07-01 01:00:08,528 - api_logger - INFO - Request: GET /history
2026-07-01 01:00:08,789 - api_logger - INFO - Response: 200 - Took: 0.2610s
2026-07-01 01:00:10,351 - detection.yolo_detector - INFO - Processed 50/55 frames
2026-07-01 01:00:10,903 - api_logger - INFO - Request: GET /history
2026-07-01 01:00:11,113 - detection.yolo_detector - INFO - Batch processing complete: 55 frames
2026-07-01 01:00:11,114 - inference.inference_pipeline - INFO - Processing detection results...
2026-07-01 01:00:11,127 - inference.inference_pipeline - INFO - Processed 10/55 frames
2026-07-01 01:00:11,128 - inference.inference_pipeline - INFO - Processed 20/55 frames
2026-07-01 01:00:11,129 - inference.inference_pipeline - INFO - Processed 30/55 frames
2026-07-01 01:00:11,131 - inference.inference_pipeline - INFO - Processed 40/55 frames
2026-07-01 01:00:11,135 - inference.inference_pipeline - INFO - Processed 50/55 frames
2026-07-01 01:00:11,136 - inference.inference_pipeline - INFO - Generating mission summary...
2026-07-01 01:00:11,153 - api_logger - INFO - Response: 200 - Took: 0.2498s
2026-07-01 01:00:11,172 - preprocessing.video_processor - INFO - Video capture closed
2026-07-01 01:00:11,173 - inference.inference_pipeline - INFO - Video processing complete
2026-07-01 01:00:11,175 - preprocessing.video_processor - INFO - Video capture closed
2026-07-01 01:00:11,244 - AIEngine - INFO - Video analysis completed successfully
2026-07-01 01:00:12,520 - api_logger - INFO - Request: GET /history
2026-07-01 01:00:12,777 - api_logger - INFO - Response: 200 - Took: 0.2558s
2026-07-01 01:00:14,925 - api_logger - INFO - Request: GET /history
2026-07-01 01:00:15,224 - api_logger - INFO - Response: 200 - Took: 0.3003s
2026-07-01 01:00:16,908 - api_logger - INFO - Request: GET /history
2026-07-01 01:00:17,156 - api_logger - INFO - Response: 200 - Took: 0.2463s
2026-07-01 01:00:18,553 - api_logger - INFO - Request: GET /history
2026-07-01 01:00:18,890 - api_logger - INFO - Response: 200 - Took: 0.3374s
2026-07-01 01:00:20,526 - api_logger - INFO - Request: GET /history
2026-07-01 01:00:20,786 - api_logger - INFO - Response: 200 - Took: 0.2607s
2026-07-01 01:00:22,524 - api_logger - INFO - Request: GET /history
2026-07-01 01:00:22,854 - api_logger - INFO - Response: 200 - Took: 0.3308s
2026-07-01 01:00:24,528 - api_logger - INFO - Request: GET /history
2026-07-01 01:00:24,799 - api_logger - INFO - Response: 200 - Took: 0.2712s
2026-07-01 01:00:26,522 - api_logger - INFO - Request: GET /history
2026-07-01 01:00:26,830 - api_logger - INFO - Response: 200 - Took: 0.3079s
2026-07-01 01:00:28,525 - api_logger - INFO - Request: GET /history
2026-07-01 01:00:28,789 - api_logger - INFO - Response: 200 - Took: 0.2642s
2026-07-01 01:00:30,522 - api_logger - INFO - Request: GET /history
2026-07-01 01:00:30,851 - api_logger - INFO - Response: 200 - Took: 0.3287s
2026-07-01 01:00:32,523 - api_logger - INFO - Request: GET /history
2026-07-01 01:00:32,816 - api_logger - INFO - Response: 200 - Took: 0.2936s
2026-07-01 01:00:34,910 - api_logger - INFO - Request: GET /history
2026-07-01 01:00:35,217 - api_logger - INFO - Response: 200 - Took: 0.3072s
2026-07-01 01:00:36,904 - api_logger - INFO - Request: GET /history
2026-07-01 01:00:37,150 - api_logger - INFO - Response: 200 - Took: 0.2452s
2026-07-01 01:00:38,902 - api_logger - INFO - Request: GET /history
2026-07-01 01:00:39,225 - api_logger - INFO - Response: 200 - Took: 0.3228s
2026-07-01 01:00:40,920 - api_logger - INFO - Request: GET /history
2026-07-01 01:00:41,231 - api_logger - INFO - Response: 200 - Took: 0.3121s
2026-07-01 01:00:42,909 - api_logger - INFO - Request: GET /history
2026-07-01 01:00:43,219 - api_logger - INFO - Response: 200 - Took: 0.3089s
2026-07-01 01:00:44,913 - api_logger - INFO - Request: GET /history
2026-07-01 01:00:45,154 - api_logger - INFO - Response: 200 - Took: 0.2408s
2026-07-01 01:00:46,913 - api_logger - INFO - Request: GET /history
2026-07-01 01:00:47,220 - api_logger - INFO - Response: 200 - Took: 0.3067s
2026-07-01 01:00:48,904 - api_logger - INFO - Request: GET /history
2026-07-01 01:00:49,145 - api_logger - INFO - Response: 200 - Took: 0.2400s
2026-07-01 01:00:50,913 - api_logger - INFO - Request: GET /history
2026-07-01 01:00:51,218 - api_logger - INFO - Response: 200 - Took: 0.3052s
2026-07-01 01:00:52,911 - api_logger - INFO - Request: GET /history
2026-07-01 01:00:53,152 - api_logger - INFO - Response: 200 - Took: 0.2410s
2026-07-01 01:00:54,900 - api_logger - INFO - Request: GET /history
2026-07-01 01:00:55,217 - api_logger - INFO - Response: 200 - Took: 0.3172s
2026-07-01 01:00:56,528 - api_logger - INFO - Request: GET /history
2026-07-01 01:00:56,775 - api_logger - INFO - Response: 200 - Took: 0.2477s
2026-07-01 01:00:58,912 - api_logger - INFO - Request: GET /history
2026-07-01 01:00:59,229 - api_logger - INFO - Response: 200 - Took: 0.3169s
